<?xml version="1.0" encoding="UTF-8"?>
<robot generator="Robot 4.1.3 (Python 3.8.10 on linux)" generated="20220318 12:56:30.139" rpa="false" schemaversion="2">
<suite id="s1" name="Demo1 Suite" source="/home/indranee/Robotframework/db_suite/demo1_suite.robot">
<kw name="Connect To Database" library="DatabaseLibrary" type="SETUP">
<arg>dbapiModuleName=pymysql</arg>
<arg>dbName=dbfree_db</arg>
<arg>dbUsername=dbfree_db</arg>
<arg>dbPassword=12345678</arg>
<arg>dbHost=db4free.net</arg>
<arg>dbPort=3306</arg>
<doc>Loads the DB API 2.0 module given `dbapiModuleName` then uses it to
connect to the database using `dbName`, `dbUsername`, and `dbPassword`.</doc>
<msg timestamp="20220318 12:56:30.165" level="INFO">Connecting using : pymysql.connect(db=dbfree_db, user=dbfree_db, passwd=12345678, host=db4free.net, port=3306, charset=None) </msg>
<status status="PASS" starttime="20220318 12:56:30.157" endtime="20220318 12:56:36.283"/>
</kw>
<test id="s1-t1" name="TC3">
<kw name="Execute Sql String" library="DatabaseLibrary">
<arg>Insert into Products (product_id,productname,description) values (67,'box','justname')</arg>
<doc>Executes the sqlString as SQL commands. Useful to pass arguments to your sql. Set optional input `sansTran` to
True to run command without an explicit transaction commit or rollback.</doc>
<msg timestamp="20220318 12:56:36.284" level="INFO">Executing : Execute SQL String  |  Insert into Products (product_id,productname,description) values (67,'box','justname') </msg>
<status status="PASS" starttime="20220318 12:56:36.284" endtime="20220318 12:56:37.151"/>
</kw>
<kw name="Row Count Is Equal To X" library="DatabaseLibrary">
<arg>Select * from Products where product_id=67</arg>
<arg>1</arg>
<doc>Check if the number of rows returned from `selectStatement` is equal to the value submitted. If not, then this
will throw an AssertionError. Set optional input `sansTran` to True to run command without an explicit
transaction commit or rollback.</doc>
<msg timestamp="20220318 12:56:37.151" level="INFO">Executing : Row Count Is Equal To X  |  Select * from Products where product_id=67  |  1 </msg>
<msg timestamp="20220318 12:56:37.152" level="INFO">Executing : Row Count  |  Select * from Products where product_id=67 </msg>
<status status="PASS" starttime="20220318 12:56:37.151" endtime="20220318 12:56:37.624"/>
</kw>
<status status="PASS" starttime="20220318 12:56:36.283" endtime="20220318 12:56:37.625"/>
</test>
<kw name="Disconnect From Database" library="DatabaseLibrary" type="TEARDOWN">
<doc>Disconnects from the database.</doc>
<msg timestamp="20220318 12:56:37.626" level="INFO">Executing : Disconnect From Database</msg>
<status status="PASS" starttime="20220318 12:56:37.626" endtime="20220318 12:56:37.626"/>
</kw>
<status status="PASS" starttime="20220318 12:56:30.140" endtime="20220318 12:56:37.626"/>
</suite>
<statistics>
<total>
<stat pass="1" fail="0" skip="0">All Tests</stat>
</total>
<tag>
</tag>
<suite>
<stat pass="1" fail="0" skip="0" id="s1" name="Demo1 Suite">Demo1 Suite</stat>
</suite>
</statistics>
<errors>
</errors>
</robot>
