<?xml version="1.0" encoding="UTF-8"?>
<robot generator="Robot 4.1.3 (Python 3.8.10 on linux)" generated="20220318 12:43:22.236" rpa="false" schemaversion="2">
<suite id="s1" name="Demo1 Suite" source="/home/indranee/Robotframework/db_suite/demo1_suite.robot">
<kw name="Connect To Database" library="DatabaseLibrary" type="SETUP">
<arg>dbapiModuleName=pymysql</arg>
<arg>dbName=dbfree_db</arg>
<arg>dbUsername=dbfree_db</arg>
<arg>dbPassword=12345678</arg>
<arg>dbHost=db4free.net</arg>
<arg>dbPort=3306</arg>
<doc>Loads the DB API 2.0 module given `dbapiModuleName` then uses it to
connect to the database using `dbName`, `dbUsername`, and `dbPassword`.</doc>
<msg timestamp="20220318 12:43:22.260" level="INFO">Connecting using : pymysql.connect(db=dbfree_db, user=dbfree_db, passwd=12345678, host=db4free.net, port=3306, charset=None) </msg>
<status status="PASS" starttime="20220318 12:43:22.252" endtime="20220318 12:43:23.608"/>
</kw>
<test id="s1-t1" name="TC1">
<kw name="Table Must Exist" library="DatabaseLibrary">
<arg>Products</arg>
<doc>Check if the table given exists in the database. Set optional input `sansTran` to True to run command without an
explicit transaction commit or rollback.</doc>
<msg timestamp="20220318 12:43:23.609" level="INFO">Executing : Table Must Exist  |  Products </msg>
<msg timestamp="20220318 12:43:23.609" level="INFO">Executing : Row Count  |  SELECT * FROM information_schema.tables WHERE table_name='Products' </msg>
<status status="PASS" starttime="20220318 12:43:23.609" endtime="20220318 12:43:26.502"/>
</kw>
<kw name="Row Count" library="DatabaseLibrary">
<var>${count}</var>
<arg>Select * from Products</arg>
<doc>Uses the input `selectStatement` to query the database and returns the number of rows from the query. Set
optional input `sansTran` to True to run command without an explicit transaction commit or rollback.</doc>
<msg timestamp="20220318 12:43:26.502" level="INFO">Executing : Row Count  |  Select * from Products </msg>
<msg timestamp="20220318 12:43:26.902" level="INFO">${count} = 50</msg>
<status status="PASS" starttime="20220318 12:43:26.502" endtime="20220318 12:43:26.902"/>
</kw>
<kw name="Log To Console" library="BuiltIn">
<arg>${count}</arg>
<doc>Logs the given message to the console.</doc>
<status status="PASS" starttime="20220318 12:43:26.903" endtime="20220318 12:43:26.903"/>
</kw>
<status status="PASS" starttime="20220318 12:43:23.608" endtime="20220318 12:43:26.904"/>
</test>
<test id="s1-t2" name="TC2">
<kw name="Row Count Is Equal To X" library="DatabaseLibrary">
<arg>Select * from Products</arg>
<arg>50</arg>
<doc>Check if the number of rows returned from `selectStatement` is equal to the value submitted. If not, then this
will throw an AssertionError. Set optional input `sansTran` to True to run command without an explicit
transaction commit or rollback.</doc>
<msg timestamp="20220318 12:43:26.905" level="INFO">Executing : Row Count Is Equal To X  |  Select * from Products  |  50 </msg>
<msg timestamp="20220318 12:43:26.905" level="INFO">Executing : Row Count  |  Select * from Products </msg>
<status status="PASS" starttime="20220318 12:43:26.905" endtime="20220318 12:43:27.323"/>
</kw>
<status status="PASS" starttime="20220318 12:43:26.904" endtime="20220318 12:43:27.324"/>
</test>
<kw name="Disconnect From Database" library="DatabaseLibrary" type="TEARDOWN">
<doc>Disconnects from the database.</doc>
<msg timestamp="20220318 12:43:27.325" level="INFO">Executing : Disconnect From Database</msg>
<status status="PASS" starttime="20220318 12:43:27.325" endtime="20220318 12:43:27.326"/>
</kw>
<status status="PASS" starttime="20220318 12:43:22.236" endtime="20220318 12:43:27.326"/>
</suite>
<statistics>
<total>
<stat pass="2" fail="0" skip="0">All Tests</stat>
</total>
<tag>
</tag>
<suite>
<stat pass="2" fail="0" skip="0" id="s1" name="Demo1 Suite">Demo1 Suite</stat>
</suite>
</statistics>
<errors>
</errors>
</robot>
