<?xml version="1.0" encoding="UTF-8"?>
<robot generator="Robot 4.1.3 (Python 3.8.10 on linux)" generated="20220316 14:33:27.029" rpa="false" schemaversion="2">
<suite id="s1" name="Demo9 Royal Suite" source="/home/indranee/Robotframework/selenium_suite/demo9_royal_suite.robot">
<test id="s1-t1" name="TC1">
<kw name="Open Browser" library="SeleniumLibrary">
<arg>browser=chrome</arg>
<arg>executable_path=${EXECDIR}${/}driver${/}chromedriver</arg>
<doc>Opens a new browser instance to the optional ``url``.</doc>
<msg timestamp="20220316 14:33:27.113" level="INFO">Opening browser 'chrome' to base url 'None'.</msg>
<status status="PASS" starttime="20220316 14:33:27.113" endtime="20220316 14:33:27.865"/>
</kw>
<kw name="Maximize Browser Window" library="SeleniumLibrary">
<doc>Maximizes current browser window.</doc>
<status status="PASS" starttime="20220316 14:33:27.866" endtime="20220316 14:33:27.992"/>
</kw>
<kw name="Set Selenium Implicit Wait" library="SeleniumLibrary">
<arg>30s</arg>
<doc>Sets the implicit wait value used by Selenium.</doc>
<status status="PASS" starttime="20220316 14:33:27.993" endtime="20220316 14:33:27.995"/>
</kw>
<kw name="Set Selenium Speed" library="SeleniumLibrary">
<arg>1s</arg>
<doc>Sets the delay that is waited after each Selenium command.</doc>
<status status="PASS" starttime="20220316 14:33:27.995" endtime="20220316 14:33:27.996"/>
</kw>
<kw name="Go To" library="SeleniumLibrary">
<arg>url=https://www.royalcaribbean.com/account/</arg>
<doc>Navigates the current browser window to the provided ``url``.</doc>
<msg timestamp="20220316 14:33:27.997" level="INFO">Opening url 'https://www.royalcaribbean.com/account/'</msg>
<status status="PASS" starttime="20220316 14:33:27.996" endtime="20220316 14:33:32.836"/>
</kw>
<kw name="Click Element" library="SeleniumLibrary">
<arg>xpath=//a[normalize-space()='Create an account']</arg>
<doc>Click the element identified by ``locator``.</doc>
<msg timestamp="20220316 14:33:32.836" level="INFO">Clicking element 'xpath=//a[normalize-space()='Create an account']'.</msg>
<status status="PASS" starttime="20220316 14:33:32.836" endtime="20220316 14:33:37.701"/>
</kw>
<kw name="Input Text" library="SeleniumLibrary">
<arg>xpath=//input[@data-placeholder='First name/Given name']</arg>
<arg>Indranee</arg>
<doc>Types the given ``text`` into the text field identified by ``locator``.</doc>
<msg timestamp="20220316 14:33:37.701" level="INFO">Typing text 'Indranee' into text field 'xpath=//input[@data-placeholder='First name/Given name']'.</msg>
<status status="PASS" starttime="20220316 14:33:37.701" endtime="20220316 14:33:40.801"/>
</kw>
<kw name="Input Text" library="SeleniumLibrary">
<arg>xpath=//input[@data-placeholder='Last name/Surname']</arg>
<arg>Kashyap</arg>
<doc>Types the given ``text`` into the text field identified by ``locator``.</doc>
<msg timestamp="20220316 14:33:40.802" level="INFO">Typing text 'Kashyap' into text field 'xpath=//input[@data-placeholder='Last name/Surname']'.</msg>
<status status="PASS" starttime="20220316 14:33:40.801" endtime="20220316 14:33:43.967"/>
</kw>
<kw name="Click Element" library="SeleniumLibrary">
<arg>xpath=//span[text()='Month']</arg>
<doc>Click the element identified by ``locator``.</doc>
<msg timestamp="20220316 14:33:43.968" level="INFO">Clicking element 'xpath=//span[text()='Month']'.</msg>
<status status="PASS" starttime="20220316 14:33:43.967" endtime="20220316 14:33:46.085"/>
</kw>
<kw name="Click Element" library="SeleniumLibrary">
<arg>xpath=//span[contains(text(),'April')]</arg>
<doc>Click the element identified by ``locator``.</doc>
<msg timestamp="20220316 14:33:46.086" level="INFO">Clicking element 'xpath=//span[contains(text(),'April')]'.</msg>
<status status="PASS" starttime="20220316 14:33:46.085" endtime="20220316 14:33:48.165"/>
</kw>
<kw name="Click Element" library="SeleniumLibrary">
<arg>xpath=//span[text()='Day']</arg>
<doc>Click the element identified by ``locator``.</doc>
<msg timestamp="20220316 14:33:48.166" level="INFO">Clicking element 'xpath=//span[text()='Day']'.</msg>
<status status="PASS" starttime="20220316 14:33:48.165" endtime="20220316 14:33:50.250"/>
</kw>
<kw name="Scroll Element Into View" library="SeleniumLibrary">
<arg>xpath=//span[contains(text(),'26')]</arg>
<doc>Scrolls the element identified by ``locator`` into view.</doc>
<status status="PASS" starttime="20220316 14:33:50.250" endtime="20220316 14:33:52.529"/>
</kw>
<kw name="Click Element" library="SeleniumLibrary">
<arg>xpath=//span[contains(text(),'26')]</arg>
<doc>Click the element identified by ``locator``.</doc>
<msg timestamp="20220316 14:33:52.531" level="INFO">Clicking element 'xpath=//span[contains(text(),'26')]'.</msg>
<status status="PASS" starttime="20220316 14:33:52.530" endtime="20220316 14:33:54.599"/>
</kw>
<kw name="Input Text" library="SeleniumLibrary">
<arg>xpath=//input[@data-placeholder='Year']</arg>
<arg>1995</arg>
<doc>Types the given ``text`` into the text field identified by ``locator``.</doc>
<msg timestamp="20220316 14:33:54.600" level="INFO">Typing text '1995' into text field 'xpath=//input[@data-placeholder='Year']'.</msg>
<status status="PASS" starttime="20220316 14:33:54.599" endtime="20220316 14:33:57.716"/>
</kw>
<kw name="Click Element" library="SeleniumLibrary">
<arg>xpath=//span[text()='Country/Region of residence']</arg>
<doc>Click the element identified by ``locator``.</doc>
<msg timestamp="20220316 14:33:57.717" level="INFO">Clicking element 'xpath=//span[text()='Country/Region of residence']'.</msg>
<status status="PASS" starttime="20220316 14:33:57.716" endtime="20220316 14:33:59.807"/>
</kw>
<kw name="Click Element" library="SeleniumLibrary">
<arg>xpath=(//span[contains(text(),'India')])[2]</arg>
<doc>Click the element identified by ``locator``.</doc>
<msg timestamp="20220316 14:33:59.808" level="INFO">Clicking element 'xpath=(//span[contains(text(),'India')])[2]'.</msg>
<status status="PASS" starttime="20220316 14:33:59.808" endtime="20220316 14:34:01.884"/>
</kw>
<kw name="Input Text" library="SeleniumLibrary">
<arg>xpath=//input[@data-placeholder='Email address']</arg>
<arg>kashyapindranee25@gmail.com</arg>
<doc>Types the given ``text`` into the text field identified by ``locator``.</doc>
<msg timestamp="20220316 14:34:01.885" level="INFO">Typing text 'kashyapindranee25@gmail.com' into text field 'xpath=//input[@data-placeholder='Email address']'.</msg>
<status status="PASS" starttime="20220316 14:34:01.884" endtime="20220316 14:34:05.181"/>
</kw>
<kw name="Click Element" library="SeleniumLibrary">
<arg>xpath=//span[text()='Select one security question']</arg>
<doc>Click the element identified by ``locator``.</doc>
<msg timestamp="20220316 14:34:05.181" level="INFO">Clicking element 'xpath=//span[text()='Select one security question']'.</msg>
<status status="PASS" starttime="20220316 14:34:05.181" endtime="20220316 14:34:07.269"/>
</kw>
<kw name="Scroll Element Into View" library="SeleniumLibrary">
<arg>xpath=//span[contains(text(),' What elementary school did you go to? ')]</arg>
<doc>Scrolls the element identified by ``locator`` into view.</doc>
<status status="PASS" starttime="20220316 14:34:07.270" endtime="20220316 14:34:09.547"/>
</kw>
<kw name="Click Element" library="SeleniumLibrary">
<arg>xpath=//span[contains(text(),' What elementary school did you go to? ')]</arg>
<doc>Click the element identified by ``locator``.</doc>
<msg timestamp="20220316 14:34:09.548" level="INFO">Clicking element 'xpath=//span[contains(text(),' What elementary school did you go to? ')]'.</msg>
<status status="PASS" starttime="20220316 14:34:09.547" endtime="20220316 14:34:11.601"/>
</kw>
<kw name="Input Text" library="SeleniumLibrary">
<arg>xpath=//input[@data-placeholder='Answer']</arg>
<arg>Saint Marys</arg>
<doc>Types the given ``text`` into the text field identified by ``locator``.</doc>
<msg timestamp="20220316 14:34:11.601" level="INFO">Typing text 'Saint Marys' into text field 'xpath=//input[@data-placeholder='Answer']'.</msg>
<status status="PASS" starttime="20220316 14:34:11.601" endtime="20220316 14:34:14.733"/>
</kw>
<kw name="Click Element" library="SeleniumLibrary">
<arg>xpath=//input[@type='checkbox']/..</arg>
<doc>Click the element identified by ``locator``.</doc>
<msg timestamp="20220316 14:34:14.734" level="INFO">Clicking element 'xpath=//input[@type='checkbox']/..'.</msg>
<status status="PASS" starttime="20220316 14:34:14.733" endtime="20220316 14:34:16.817"/>
</kw>
<kw name="Click Element" library="SeleniumLibrary">
<arg>xpath=//button[normalize-space()='Done']</arg>
<doc>Click the element identified by ``locator``.</doc>
<msg timestamp="20220316 14:34:16.818" level="INFO">Clicking element 'xpath=//button[normalize-space()='Done']'.</msg>
<status status="PASS" starttime="20220316 14:34:16.817" endtime="20220316 14:34:18.897"/>
</kw>
<kw name="Element Should Contain" library="SeleniumLibrary">
<arg>xpath=//span[normalize-space()='Password is required.']</arg>
<arg>Password is required.</arg>
<doc>Verifies that element ``locator`` contains text ``expected``.</doc>
<msg timestamp="20220316 14:34:20.926" level="INFO">Element 'xpath=//span[normalize-space()='Password is required.']' contains text 'Password is required.'.</msg>
<status status="PASS" starttime="20220316 14:34:18.897" endtime="20220316 14:34:20.926"/>
</kw>
<kw name="Sleep" library="BuiltIn">
<arg>5s</arg>
<doc>Pauses the test executed for the given time.</doc>
<msg timestamp="20220316 14:34:25.927" level="INFO">Slept 5 seconds</msg>
<status status="PASS" starttime="20220316 14:34:20.927" endtime="20220316 14:34:25.927"/>
</kw>
<kw name="Close Browser" library="SeleniumLibrary" type="TEARDOWN">
<doc>Closes the current browser.</doc>
<status status="PASS" starttime="20220316 14:34:25.928" endtime="20220316 14:34:26.985"/>
</kw>
<status status="PASS" starttime="20220316 14:33:27.113" endtime="20220316 14:34:26.985"/>
</test>
<status status="PASS" starttime="20220316 14:33:27.030" endtime="20220316 14:34:26.986"/>
</suite>
<statistics>
<total>
<stat pass="1" fail="0" skip="0">All Tests</stat>
</total>
<tag>
</tag>
<suite>
<stat pass="1" fail="0" skip="0" id="s1" name="Demo9 Royal Suite">Demo9 Royal Suite</stat>
</suite>
</statistics>
<errors>
</errors>
</robot>
